Script started on 2025-04-19 13:22:22+00:00 [TERM="xterm" TTY="/dev/pts/0" COLUMNS="80" LINES="30"]
# 
# nikto -h https://owasp.org/www-project-juice-shop/
- Nikto v2.5.0
---------------------------------------------------------------------------
+ Multiple IPs found: 104.22.26.77, 104.22.27.77, 172.67.10.39, 2606:4700:8d77:f23a:8ca5:0:7511:414f
+ Target IP:          104.22.26.77
+ Target Hostname:    owasp.org
+ Target Port:        443
---------------------------------------------------------------------------
+ SSL Info:        Subject:  /CN=owasp.org
                   Ciphers:  TLS_AES_256_GCM_SHA384
                   Issuer:   /C=US/O=Google Trust Services/CN=WE1
+ Start Time:         2025-04-19 13:23:36 (GMT0)
---------------------------------------------------------------------------
+ Server: cloudflare
+ /www-project-juice-shop/: Retrieved via header: 1.1 varnish.
+ /www-project-juice-shop/: Retrieved x-served-by header: cache-nrt-rjtf7700020-NRT.
+ /www-project-juice-shop/: Retrieved access-control-allow-origin header: *.
+ /www-project-juice-shop/: Fastly CDN was identified by the x-timer header. See: https://www.fastly.com/
+ /www-project-juice-shop/: Uncommon header 'x-origin-cache' found, with contents: HIT.
+ /www-project-juice-shop/: Uncommon header 'x-proxy-cache' found, with contents: MISS.
+ /www-project-juice-shop/: Uncommon header 'x-fastly-request-id' found, with contents: ad135dcf7a3000b9713e4e9ae4c5d64ce9e7fc87.
+ /www-project-juice-shop/: Uncommon header 'x-served-by' found, with contents: cache-nrt-rjtf7700020-NRT.
+ /www-project-juice-shop/: Uncommon header 'x-github-request-id' found, with contents: A903:77E95:1D4548A:1E19D9C:6803A22F.
